<?xml version="1.0" encoding="UTF-8"?>
<testsuite name="com.example.passwordcracker.PasswordCrackerApplicationTests" tests="1" skipped="0" failures="0" errors="0" timestamp="2023-08-28T13:34:00" hostname="Albins-MBP.lan" time="0.436">
  <properties/>
  <testcase name="contextLoads()" classname="com.example.passwordcracker.PasswordCrackerApplicationTests" time="0.436"/>
  <system-out><![CDATA[15:33:59.445 [Test worker] INFO org.springframework.test.context.support.AnnotationConfigContextLoaderUtils -- Could not detect default configuration classes for test class [com.example.passwordcracker.PasswordCrackerApplicationTests]: PasswordCrackerApplicationTests does not declare any static, non-private, non-final, nested classes annotated with @Configuration.
15:33:59.492 [Test worker] INFO org.springframework.boot.test.context.SpringBootTestContextBootstrapper -- Found @SpringBootConfiguration com.example.passwordcracker.PasswordCrackerApplication for test class com.example.passwordcracker.PasswordCrackerApplicationTests

  .   ____          _            __ _ _
 /\\ / ___'_ __ _ _(_)_ __  __ _ \ \ \ \
( ( )\___ | '_ | '_| | '_ \/ _` | \ \ \ \
 \\/  ___)| |_)| | | | | || (_| |  ) ) ) )
  '  |____| .__|_| |_|_| |_\__, | / / / /
 =========|_|==============|___/=/_/_/_/
 :: Spring Boot ::                (v3.1.3)

2023-08-28T15:33:59.647+02:00  INFO 83144 --- [    Test worker] c.e.p.PasswordCrackerApplicationTests    : Starting PasswordCrackerApplicationTests using Java 17.0.7 with PID 83144 (started by albin in /Users/albin/Documents/javamapp/intelli/itsak-w2/password-cracker)
2023-08-28T15:33:59.648+02:00  INFO 83144 --- [    Test worker] c.e.p.PasswordCrackerApplicationTests    : No active profile set, falling back to 1 default profile: "default"
2023-08-28T15:34:00.106+02:00  INFO 83144 --- [    Test worker] c.e.p.PasswordCrackerApplicationTests    : Started PasswordCrackerApplicationTests in 0.552 seconds (process running for 1.08)
]]></system-out>
  <system-err><![CDATA[]]></system-err>
</testsuite>
